Bringing machine 'vm1' up with 'virtualbox' provider...
Bringing machine 'vm2' up with 'virtualbox' provider...
==> vm1: Checking if box 'ubuntu/focal64' version '20231011.0.0' is up to date...
==> vm1: Clearing any previously set network interfaces...
==> vm1: Preparing network interfaces based on configuration...
    vm1: Adapter 1: nat
    vm1: Adapter 2: hostonly
==> vm1: Forwarding ports...
    vm1: 22 (guest) => 2222 (host) (adapter 1)
==> vm1: Running 'pre-boot' VM customizations...
==> vm1: Booting VM...
==> vm1: Waiting for machine to boot. This may take a few minutes...
    vm1: SSH address: 127.0.0.1:2222
    vm1: SSH username: vagrant
    vm1: SSH auth method: private key
    vm1: Warning: Connection reset. Retrying...
    vm1: Warning: Connection aborted. Retrying...
    vm1: Warning: Remote connection disconnect. Retrying...
    vm1:
    vm1: Vagrant insecure key detected. Vagrant will automatically replace
    vm1: this with a newly generated keypair for better security.
    vm1:
    vm1: Inserting generated public key within guest...
    vm1: Removing insecure key from the guest if it's present...
    vm1: Key inserted! Disconnecting and reconnecting using new SSH key...
==> vm1: Machine booted and ready!
==> vm1: Checking for guest additions in VM...
    vm1: The guest additions on this VM do not match the installed version of
    vm1: VirtualBox! In most cases this is fine, but in rare cases it can
    vm1: prevent things such as shared folders from working properly. If you see
    vm1: shared folder errors, please make sure the guest additions within the
    vm1: virtual machine match the version of VirtualBox you have installed on
    vm1: your host and reload your VM.
    vm1:
    vm1: Guest Additions Version: 6.1.38
    vm1: VirtualBox Version: 7.0
==> vm1: Configuring and enabling network interfaces...
==> vm1: Mounting shared folders...
    vm1: /vagrant => C:/Users/aorip/OneDrive/Documents/Projects/Vagrant/proj2
==> vm1: Running provisioner: shell...
    vm1: Running: C:/Users/aorip/AppData/Local/Temp/vagrant-shell20231015-17252-rmu4oa.sh
    vm1: Hit:1 http://archive.ubuntu.com/ubuntu focal InRelease
    vm1: Get:2 http://archive.ubuntu.com/ubuntu focal-updates InRelease [114 kB]
    vm1: Get:3 http://security.ubuntu.com/ubuntu focal-security InRelease [114 kB]
    vm1: Get:4 http://archive.ubuntu.com/ubuntu focal-backports InRelease [108 kB]
    vm1: Get:5 http://archive.ubuntu.com/ubuntu focal/universe amd64 Packages [8628 kB]
    vm1: Get:6 http://security.ubuntu.com/ubuntu focal-security/main amd64 Packages [2500 kB]
    vm1: Get:7 http://archive.ubuntu.com/ubuntu focal/universe Translation-en [5124 kB]
    vm1: Get:8 http://archive.ubuntu.com/ubuntu focal/universe amd64 c-n-f Metadata [265 kB]
    vm1: Get:9 http://archive.ubuntu.com/ubuntu focal/multiverse amd64 Packages [144 kB]
    vm1: Get:10 http://archive.ubuntu.com/ubuntu focal/multiverse Translation-en [104 kB]
    vm1: Get:11 http://archive.ubuntu.com/ubuntu focal/multiverse amd64 c-n-f Metadata [9136 B]
    vm1: Get:12 http://archive.ubuntu.com/ubuntu focal-updates/main amd64 Packages [2888 kB]
    vm1: Get:13 http://archive.ubuntu.com/ubuntu focal-updates/main amd64 c-n-f Metadata [17.1 kB]
    vm1: Get:14 http://archive.ubuntu.com/ubuntu focal-updates/universe amd64 Packages [1123 kB]
    vm1: Get:15 http://security.ubuntu.com/ubuntu focal-security/main amd64 c-n-f Metadata [13.2 kB]
    vm1: Get:16 http://security.ubuntu.com/ubuntu focal-security/universe amd64 Packages [891 kB]
    vm1: Get:17 http://security.ubuntu.com/ubuntu focal-security/universe Translation-en [186 kB]
    vm1: Get:18 http://security.ubuntu.com/ubuntu focal-security/universe amd64 c-n-f Metadata [19.2 kB]
    vm1: Get:19 http://security.ubuntu.com/ubuntu focal-security/multiverse amd64 Packages [23.6 kB]
    vm1: Get:20 http://archive.ubuntu.com/ubuntu focal-updates/universe Translation-en [268 kB]
    vm1: Get:21 http://security.ubuntu.com/ubuntu focal-security/multiverse Translation-en [5504 B]
    vm1: Get:22 http://security.ubuntu.com/ubuntu focal-security/multiverse amd64 c-n-f Metadata [548 B]
    vm1: Get:23 http://archive.ubuntu.com/ubuntu focal-updates/universe amd64 c-n-f Metadata [25.6 kB]
    vm1: Get:24 http://archive.ubuntu.com/ubuntu focal-updates/multiverse amd64 Packages [25.8 kB]
    vm1: Get:25 http://archive.ubuntu.com/ubuntu focal-updates/multiverse Translation-en [7484 B]
    vm1: Get:26 http://archive.ubuntu.com/ubuntu focal-updates/multiverse amd64 c-n-f Metadata [620 B]
    vm1: Get:27 http://archive.ubuntu.com/ubuntu focal-backports/main amd64 Packages [45.7 kB]
    vm1: Get:28 http://archive.ubuntu.com/ubuntu focal-backports/main Translation-en [16.3 kB]
    vm1: Get:29 http://archive.ubuntu.com/ubuntu focal-backports/main amd64 c-n-f Metadata [1420 B]
    vm1: Get:30 http://archive.ubuntu.com/ubuntu focal-backports/restricted amd64 c-n-f Metadata [116 B]
    vm1: Get:31 http://archive.ubuntu.com/ubuntu focal-backports/universe amd64 Packages [25.0 kB]
    vm1: Get:32 http://archive.ubuntu.com/ubuntu focal-backports/universe Translation-en [16.3 kB]
    vm1: Get:33 http://archive.ubuntu.com/ubuntu focal-backports/universe amd64 c-n-f Metadata [880 B]
    vm1: Get:34 http://archive.ubuntu.com/ubuntu focal-backports/multiverse amd64 c-n-f Metadata [116 B]
    vm1: Fetched 22.7 MB in 6s (3980 kB/s)
    vm1: Reading package lists...
    vm1: Reading package lists...
    vm1: Building dependency tree...
    vm1: Reading state information...
    vm1: The following additional packages will be installed:
    vm1:   fontconfig-config fonts-dejavu-core libfontconfig1 libgd3 libjbig0
    vm1:   libjpeg-turbo8 libjpeg8 libnginx-mod-http-image-filter
    vm1:   libnginx-mod-http-xslt-filter libnginx-mod-mail libnginx-mod-stream libtiff5
    vm1:   libwebp6 libxpm4 nginx-common nginx-core
    vm1: Suggested packages:
    vm1:   libgd-tools fcgiwrap nginx-doc ssl-cert
    vm1: The following NEW packages will be installed:
    vm1:   fontconfig-config fonts-dejavu-core libfontconfig1 libgd3 libjbig0
    vm1:   libjpeg-turbo8 libjpeg8 libnginx-mod-http-image-filter
    vm1:   libnginx-mod-http-xslt-filter libnginx-mod-mail libnginx-mod-stream libtiff5
    vm1:   libwebp6 libxpm4 nginx nginx-common nginx-core
    vm1: 0 upgraded, 17 newly installed, 0 to remove and 0 not upgraded.
    vm1: Need to get 2437 kB of archives.
    vm1: After this operation, 7921 kB of additional disk space will be used.
    vm1: Get:1 http://archive.ubuntu.com/ubuntu focal/main amd64 fonts-dejavu-core all 2.37-1 [1041 kB]
    vm1: Get:2 http://archive.ubuntu.com/ubuntu focal/main amd64 fontconfig-config all 2.13.1-2ubuntu3 [28.8 kB]
    vm1: Get:3 http://archive.ubuntu.com/ubuntu focal/main amd64 libfontconfig1 amd64 2.13.1-2ubuntu3 [114 kB]
    vm1: Get:4 http://archive.ubuntu.com/ubuntu focal-updates/main amd64 libjpeg-turbo8 amd64 2.0.3-0ubuntu1.20.04.3 [118 kB]
    vm1: Get:5 http://archive.ubuntu.com/ubuntu focal/main amd64 libjpeg8 amd64 8c-2ubuntu8 [2194 B]
    vm1: Get:6 http://archive.ubuntu.com/ubuntu focal-updates/main amd64 libjbig0 amd64 2.1-3.1ubuntu0.20.04.1 [27.3 kB]
    vm1: Get:7 http://archive.ubuntu.com/ubuntu focal-updates/main amd64 libwebp6 amd64 0.6.1-2ubuntu0.20.04.3 [185 kB]
    vm1: Get:8 http://archive.ubuntu.com/ubuntu focal-updates/main amd64 libtiff5 amd64 4.1.0+git191117-2ubuntu0.20.04.10 [163 kB]
    vm1: Get:9 http://archive.ubuntu.com/ubuntu focal-updates/main amd64 libxpm4 amd64 1:3.5.12-1ubuntu0.20.04.2 [34.9 kB]
    vm1: Get:10 http://archive.ubuntu.com/ubuntu focal-updates/main amd64 libgd3 amd64 2.2.5-5.2ubuntu2.1 [118 kB]
    vm1: Get:11 http://archive.ubuntu.com/ubuntu focal-updates/main amd64 nginx-common all 1.18.0-0ubuntu1.4 [37.7 kB]
    vm1: Get:12 http://archive.ubuntu.com/ubuntu focal-updates/main amd64 libnginx-mod-http-image-filter amd64 1.18.0-0ubuntu1.4 [14.8 kB]
    vm1: Get:13 http://archive.ubuntu.com/ubuntu focal-updates/main amd64 libnginx-mod-http-xslt-filter amd64 1.18.0-0ubuntu1.4 [13.0 kB]
    vm1: Get:14 http://archive.ubuntu.com/ubuntu focal-updates/main amd64 libnginx-mod-mail amd64 1.18.0-0ubuntu1.4 [42.9 kB]
    vm1: Get:15 http://archive.ubuntu.com/ubuntu focal-updates/main amd64 libnginx-mod-stream amd64 1.18.0-0ubuntu1.4 [67.4 kB]
    vm1: Get:16 http://archive.ubuntu.com/ubuntu focal-updates/main amd64 nginx-core amd64 1.18.0-0ubuntu1.4 [425 kB]
    vm1: Get:17 http://archive.ubuntu.com/ubuntu focal-updates/main amd64 nginx all 1.18.0-0ubuntu1.4 [3620 B]
    vm1: dpkg-preconfigure: unable to re-open stdin: No such file or directory
    vm1: Fetched 2437 kB in 2s (1165 kB/s)
    vm1: Selecting previously unselected package fonts-dejavu-core.
(Reading database ... 63743 files and directories currently installed.)
    vm1: Preparing to unpack .../00-fonts-dejavu-core_2.37-1_all.deb ...
    vm1: Unpacking fonts-dejavu-core (2.37-1) ...
    vm1: Selecting previously unselected package fontconfig-config.
    vm1: Preparing to unpack .../01-fontconfig-config_2.13.1-2ubuntu3_all.deb ...
    vm1: Unpacking fontconfig-config (2.13.1-2ubuntu3) ...
    vm1: Selecting previously unselected package libfontconfig1:amd64.
    vm1: Preparing to unpack .../02-libfontconfig1_2.13.1-2ubuntu3_amd64.deb ...
    vm1: Unpacking libfontconfig1:amd64 (2.13.1-2ubuntu3) ...
    vm1: Selecting previously unselected package libjpeg-turbo8:amd64.
    vm1: Preparing to unpack .../03-libjpeg-turbo8_2.0.3-0ubuntu1.20.04.3_amd64.deb ...
    vm1: Unpacking libjpeg-turbo8:amd64 (2.0.3-0ubuntu1.20.04.3) ...
    vm1: Selecting previously unselected package libjpeg8:amd64.
    vm1: Preparing to unpack .../04-libjpeg8_8c-2ubuntu8_amd64.deb ...
    vm1: Unpacking libjpeg8:amd64 (8c-2ubuntu8) ...
    vm1: Selecting previously unselected package libjbig0:amd64.
    vm1: Preparing to unpack .../05-libjbig0_2.1-3.1ubuntu0.20.04.1_amd64.deb ...
    vm1: Unpacking libjbig0:amd64 (2.1-3.1ubuntu0.20.04.1) ...
    vm1: Selecting previously unselected package libwebp6:amd64.
    vm1: Preparing to unpack .../06-libwebp6_0.6.1-2ubuntu0.20.04.3_amd64.deb ...
    vm1: Unpacking libwebp6:amd64 (0.6.1-2ubuntu0.20.04.3) ...
    vm1: Selecting previously unselected package libtiff5:amd64.
    vm1: Preparing to unpack .../07-libtiff5_4.1.0+git191117-2ubuntu0.20.04.10_amd64.deb ...
    vm1: Unpacking libtiff5:amd64 (4.1.0+git191117-2ubuntu0.20.04.10) ...
    vm1: Selecting previously unselected package libxpm4:amd64.
    vm1: Preparing to unpack .../08-libxpm4_1%3a3.5.12-1ubuntu0.20.04.2_amd64.deb ...
    vm1: Unpacking libxpm4:amd64 (1:3.5.12-1ubuntu0.20.04.2) ...
    vm1: Selecting previously unselected package libgd3:amd64.
    vm1: Preparing to unpack .../09-libgd3_2.2.5-5.2ubuntu2.1_amd64.deb ...
    vm1: Unpacking libgd3:amd64 (2.2.5-5.2ubuntu2.1) ...
    vm1: Selecting previously unselected package nginx-common.
    vm1: Preparing to unpack .../10-nginx-common_1.18.0-0ubuntu1.4_all.deb ...
    vm1: Unpacking nginx-common (1.18.0-0ubuntu1.4) ...
    vm1: Selecting previously unselected package libnginx-mod-http-image-filter.
    vm1: Preparing to unpack .../11-libnginx-mod-http-image-filter_1.18.0-0ubuntu1.4_amd64.deb ...
    vm1: Unpacking libnginx-mod-http-image-filter (1.18.0-0ubuntu1.4) ...
    vm1: Selecting previously unselected package libnginx-mod-http-xslt-filter.
    vm1: Preparing to unpack .../12-libnginx-mod-http-xslt-filter_1.18.0-0ubuntu1.4_amd64.deb ...
    vm1: Unpacking libnginx-mod-http-xslt-filter (1.18.0-0ubuntu1.4) ...
    vm1: Selecting previously unselected package libnginx-mod-mail.
    vm1: Preparing to unpack .../13-libnginx-mod-mail_1.18.0-0ubuntu1.4_amd64.deb ...
    vm1: Unpacking libnginx-mod-mail (1.18.0-0ubuntu1.4) ...
    vm1: Selecting previously unselected package libnginx-mod-stream.
    vm1: Preparing to unpack .../14-libnginx-mod-stream_1.18.0-0ubuntu1.4_amd64.deb ...
    vm1: Unpacking libnginx-mod-stream (1.18.0-0ubuntu1.4) ...
    vm1: Selecting previously unselected package nginx-core.
    vm1: Preparing to unpack .../15-nginx-core_1.18.0-0ubuntu1.4_amd64.deb ...
    vm1: Unpacking nginx-core (1.18.0-0ubuntu1.4) ...
    vm1: Selecting previously unselected package nginx.
    vm1: Preparing to unpack .../16-nginx_1.18.0-0ubuntu1.4_all.deb ...
    vm1: Unpacking nginx (1.18.0-0ubuntu1.4) ...
    vm1: Setting up libxpm4:amd64 (1:3.5.12-1ubuntu0.20.04.2) ...
    vm1: Setting up nginx-common (1.18.0-0ubuntu1.4) ...
    vm1: Created symlink /etc/systemd/system/multi-user.target.wants/nginx.service → /lib/systemd/system/nginx.service.
    vm1: Setting up libjbig0:amd64 (2.1-3.1ubuntu0.20.04.1) ...
    vm1: Setting up libnginx-mod-http-xslt-filter (1.18.0-0ubuntu1.4) ...
    vm1: Setting up libwebp6:amd64 (0.6.1-2ubuntu0.20.04.3) ...
    vm1: Setting up fonts-dejavu-core (2.37-1) ...
    vm1: Setting up libjpeg-turbo8:amd64 (2.0.3-0ubuntu1.20.04.3) ...
    vm1: Setting up libjpeg8:amd64 (8c-2ubuntu8) ...
    vm1: Setting up libnginx-mod-mail (1.18.0-0ubuntu1.4) ...
    vm1: Setting up fontconfig-config (2.13.1-2ubuntu3) ...
    vm1: Setting up libnginx-mod-stream (1.18.0-0ubuntu1.4) ...
    vm1: Setting up libtiff5:amd64 (4.1.0+git191117-2ubuntu0.20.04.10) ...
    vm1: Setting up libfontconfig1:amd64 (2.13.1-2ubuntu3) ...
    vm1: Setting up libgd3:amd64 (2.2.5-5.2ubuntu2.1) ...
    vm1: Setting up libnginx-mod-http-image-filter (1.18.0-0ubuntu1.4) ...
    vm1: Setting up nginx-core (1.18.0-0ubuntu1.4) ...
    vm1: Setting up nginx (1.18.0-0ubuntu1.4) ...
    vm1: Processing triggers for ufw (0.36-6ubuntu1.1) ...
    vm1: Processing triggers for systemd (245.4-4ubuntu3.22) ...
    vm1: Processing triggers for man-db (2.9.1-1) ...
    vm1: Processing triggers for libc-bin (2.31-0ubuntu9.12) ...
    vm1: Hello World
==> vm2: Importing base box 'ubuntu/focal64'...
==> vm2: Matching MAC address for NAT networking...
==> vm2: Checking if box 'ubuntu/focal64' version '20231011.0.0' is up to date...
==> vm2: Setting the name of the VM: proj2_vm2_1697350919286_49348
==> vm2: Fixed port collision for 22 => 2222. Now on port 2200.
==> vm2: Clearing any previously set network interfaces...
==> vm2: Preparing network interfaces based on configuration...
    vm2: Adapter 1: nat
    vm2: Adapter 2: hostonly
==> vm2: Forwarding ports...
    vm2: 22 (guest) => 2200 (host) (adapter 1)
==> vm2: Running 'pre-boot' VM customizations...
==> vm2: Booting VM...
==> vm2: Waiting for machine to boot. This may take a few minutes...
    vm2: SSH address: 127.0.0.1:2200
    vm2: SSH username: vagrant
    vm2: SSH auth method: private key
    vm2: Warning: Connection reset. Retrying...
    vm2: Warning: Remote connection disconnect. Retrying...
    vm2:
    vm2: Vagrant insecure key detected. Vagrant will automatically replace
    vm2: this with a newly generated keypair for better security.
    vm2:
    vm2: Inserting generated public key within guest...
    vm2: Removing insecure key from the guest if it's present...
    vm2: Key inserted! Disconnecting and reconnecting using new SSH key...
==> vm2: Machine booted and ready!
==> vm2: Checking for guest additions in VM...
    vm2: The guest additions on this VM do not match the installed version of
    vm2: VirtualBox! In most cases this is fine, but in rare cases it can
    vm2: prevent things such as shared folders from working properly. If you see
    vm2: shared folder errors, please make sure the guest additions within the
    vm2: virtual machine match the version of VirtualBox you have installed on
    vm2: your host and reload your VM.
    vm2:
    vm2: Guest Additions Version: 6.1.38
    vm2: VirtualBox Version: 7.0
==> vm2: Configuring and enabling network interfaces...
==> vm2: Mounting shared folders...
    vm2: /vagrant => C:/Users/aorip/OneDrive/Documents/Projects/Vagrant/proj2
==> vm2: Running provisioner: shell...
    vm2: Running: C:/Users/aorip/AppData/Local/Temp/vagrant-shell20231015-17252-bbejle.sh
    vm2: Hit:1 http://archive.ubuntu.com/ubuntu focal InRelease
    vm2: Get:2 http://archive.ubuntu.com/ubuntu focal-updates InRelease [114 kB]
    vm2: Get:3 http://security.ubuntu.com/ubuntu focal-security InRelease [114 kB]
    vm2: Get:4 http://archive.ubuntu.com/ubuntu focal-backports InRelease [108 kB]
    vm2: Get:5 http://archive.ubuntu.com/ubuntu focal/universe amd64 Packages [8628 kB]
    vm2: Get:6 http://security.ubuntu.com/ubuntu focal-security/main amd64 Packages [2500 kB]
    vm2: Get:7 http://archive.ubuntu.com/ubuntu focal/universe Translation-en [5124 kB]
    vm2: Get:8 http://archive.ubuntu.com/ubuntu focal/universe amd64 c-n-f Metadata [265 kB]
    vm2: Get:9 http://archive.ubuntu.com/ubuntu focal/multiverse amd64 Packages [144 kB]
    vm2: Get:10 http://archive.ubuntu.com/ubuntu focal/multiverse Translation-en [104 kB]
    vm2: Get:11 http://archive.ubuntu.com/ubuntu focal/multiverse amd64 c-n-f Metadata [9136 B]
    vm2: Get:12 http://archive.ubuntu.com/ubuntu focal-updates/main amd64 Packages [2888 kB]
    vm2: Get:13 http://archive.ubuntu.com/ubuntu focal-updates/main amd64 c-n-f Metadata [17.1 kB]
    vm2: Get:14 http://security.ubuntu.com/ubuntu focal-security/main amd64 c-n-f Metadata [13.2 kB]
    vm2: Get:15 http://security.ubuntu.com/ubuntu focal-security/universe amd64 Packages [891 kB]
    vm2: Get:16 http://archive.ubuntu.com/ubuntu focal-updates/universe amd64 Packages [1123 kB]
    vm2: Get:17 http://security.ubuntu.com/ubuntu focal-security/universe Translation-en [186 kB]
    vm2: Get:18 http://security.ubuntu.com/ubuntu focal-security/universe amd64 c-n-f Metadata [19.2 kB]
    vm2: Get:19 http://security.ubuntu.com/ubuntu focal-security/multiverse amd64 Packages [23.6 kB]
    vm2: Get:20 http://security.ubuntu.com/ubuntu focal-security/multiverse Translation-en [5504 B]
    vm2: Get:21 http://security.ubuntu.com/ubuntu focal-security/multiverse amd64 c-n-f Metadata [548 B]
    vm2: Get:22 http://archive.ubuntu.com/ubuntu focal-updates/universe Translation-en [268 kB]
    vm2: Get:23 http://archive.ubuntu.com/ubuntu focal-updates/universe amd64 c-n-f Metadata [25.6 kB]
    vm2: Get:24 http://archive.ubuntu.com/ubuntu focal-updates/multiverse amd64 Packages [25.8 kB]
    vm2: Get:25 http://archive.ubuntu.com/ubuntu focal-updates/multiverse Translation-en [7484 B]
    vm2: Get:26 http://archive.ubuntu.com/ubuntu focal-updates/multiverse amd64 c-n-f Metadata [620 B]
    vm2: Get:27 http://archive.ubuntu.com/ubuntu focal-backports/main amd64 Packages [45.7 kB]
    vm2: Get:28 http://archive.ubuntu.com/ubuntu focal-backports/main Translation-en [16.3 kB]
    vm2: Get:29 http://archive.ubuntu.com/ubuntu focal-backports/main amd64 c-n-f Metadata [1420 B]
    vm2: Get:30 http://archive.ubuntu.com/ubuntu focal-backports/restricted amd64 c-n-f Metadata [116 B]
    vm2: Get:31 http://archive.ubuntu.com/ubuntu focal-backports/universe amd64 Packages [25.0 kB]
    vm2: Get:32 http://archive.ubuntu.com/ubuntu focal-backports/universe Translation-en [16.3 kB]
    vm2: Get:33 http://archive.ubuntu.com/ubuntu focal-backports/universe amd64 c-n-f Metadata [880 B]
    vm2: Get:34 http://archive.ubuntu.com/ubuntu focal-backports/multiverse amd64 c-n-f Metadata [116 B]
    vm2: Fetched 22.7 MB in 5s (4451 kB/s)
    vm2: Reading package lists...
    vm2: Reading package lists...
    vm2: Building dependency tree...
    vm2: Reading state information...
    vm2: The following additional packages will be installed:
    vm2:   fontconfig-config fonts-dejavu-core libfontconfig1 libgd3 libjbig0
    vm2:   libjpeg-turbo8 libjpeg8 libnginx-mod-http-image-filter
    vm2:   libnginx-mod-http-xslt-filter libnginx-mod-mail libnginx-mod-stream libtiff5
    vm2:   libwebp6 libxpm4 nginx-common nginx-core
    vm2: Suggested packages:
    vm2:   libgd-tools fcgiwrap nginx-doc ssl-cert
    vm2: The following NEW packages will be installed:
    vm2:   fontconfig-config fonts-dejavu-core libfontconfig1 libgd3 libjbig0
    vm2:   libjpeg-turbo8 libjpeg8 libnginx-mod-http-image-filter
    vm2:   libnginx-mod-http-xslt-filter libnginx-mod-mail libnginx-mod-stream libtiff5
    vm2:   libwebp6 libxpm4 nginx nginx-common nginx-core
    vm2: 0 upgraded, 17 newly installed, 0 to remove and 0 not upgraded.
    vm2: Need to get 2437 kB of archives.
    vm2: After this operation, 7921 kB of additional disk space will be used.
    vm2: Get:1 http://archive.ubuntu.com/ubuntu focal/main amd64 fonts-dejavu-core all 2.37-1 [1041 kB]
    vm2: Get:2 http://archive.ubuntu.com/ubuntu focal/main amd64 fontconfig-config all 2.13.1-2ubuntu3 [28.8 kB]
    vm2: Get:3 http://archive.ubuntu.com/ubuntu focal/main amd64 libfontconfig1 amd64 2.13.1-2ubuntu3 [114 kB]
    vm2: Get:4 http://archive.ubuntu.com/ubuntu focal-updates/main amd64 libjpeg-turbo8 amd64 2.0.3-0ubuntu1.20.04.3 [118 kB]
    vm2: Get:5 http://archive.ubuntu.com/ubuntu focal/main amd64 libjpeg8 amd64 8c-2ubuntu8 [2194 B]
    vm2: Get:6 http://archive.ubuntu.com/ubuntu focal-updates/main amd64 libjbig0 amd64 2.1-3.1ubuntu0.20.04.1 [27.3 kB]
    vm2: Get:7 http://archive.ubuntu.com/ubuntu focal-updates/main amd64 libwebp6 amd64 0.6.1-2ubuntu0.20.04.3 [185 kB]
    vm2: Get:8 http://archive.ubuntu.com/ubuntu focal-updates/main amd64 libtiff5 amd64 4.1.0+git191117-2ubuntu0.20.04.10 [163 kB]
    vm2: Get:9 http://archive.ubuntu.com/ubuntu focal-updates/main amd64 libxpm4 amd64 1:3.5.12-1ubuntu0.20.04.2 [34.9 kB]
    vm2: Get:10 http://archive.ubuntu.com/ubuntu focal-updates/main amd64 libgd3 amd64 2.2.5-5.2ubuntu2.1 [118 kB]
    vm2: Get:11 http://archive.ubuntu.com/ubuntu focal-updates/main amd64 nginx-common all 1.18.0-0ubuntu1.4 [37.7 kB]
    vm2: Get:12 http://archive.ubuntu.com/ubuntu focal-updates/main amd64 libnginx-mod-http-image-filter amd64 1.18.0-0ubuntu1.4 [14.8 kB]
    vm2: Get:13 http://archive.ubuntu.com/ubuntu focal-updates/main amd64 libnginx-mod-http-xslt-filter amd64 1.18.0-0ubuntu1.4 [13.0 kB]
    vm2: Get:14 http://archive.ubuntu.com/ubuntu focal-updates/main amd64 libnginx-mod-mail amd64 1.18.0-0ubuntu1.4 [42.9 kB]
    vm2: Get:15 http://archive.ubuntu.com/ubuntu focal-updates/main amd64 libnginx-mod-stream amd64 1.18.0-0ubuntu1.4 [67.4 kB]
    vm2: Get:16 http://archive.ubuntu.com/ubuntu focal-updates/main amd64 nginx-core amd64 1.18.0-0ubuntu1.4 [425 kB]
    vm2: Get:17 http://archive.ubuntu.com/ubuntu focal-updates/main amd64 nginx all 1.18.0-0ubuntu1.4 [3620 B]
    vm2: dpkg-preconfigure: unable to re-open stdin: No such file or directory
    vm2: Fetched 2437 kB in 2s (1228 kB/s)
    vm2: Selecting previously unselected package fonts-dejavu-core.
(Reading database ... 63743 files and directories currently installed.)
    vm2: Preparing to unpack .../00-fonts-dejavu-core_2.37-1_all.deb ...
    vm2: Unpacking fonts-dejavu-core (2.37-1) ...
    vm2: Selecting previously unselected package fontconfig-config.
    vm2: Preparing to unpack .../01-fontconfig-config_2.13.1-2ubuntu3_all.deb ...
    vm2: Unpacking fontconfig-config (2.13.1-2ubuntu3) ...
    vm2: Selecting previously unselected package libfontconfig1:amd64.
    vm2: Preparing to unpack .../02-libfontconfig1_2.13.1-2ubuntu3_amd64.deb ...
    vm2: Unpacking libfontconfig1:amd64 (2.13.1-2ubuntu3) ...
    vm2: Selecting previously unselected package libjpeg-turbo8:amd64.
    vm2: Preparing to unpack .../03-libjpeg-turbo8_2.0.3-0ubuntu1.20.04.3_amd64.deb ...
    vm2: Unpacking libjpeg-turbo8:amd64 (2.0.3-0ubuntu1.20.04.3) ...
    vm2: Selecting previously unselected package libjpeg8:amd64.
    vm2: Preparing to unpack .../04-libjpeg8_8c-2ubuntu8_amd64.deb ...
    vm2: Unpacking libjpeg8:amd64 (8c-2ubuntu8) ...
    vm2: Selecting previously unselected package libjbig0:amd64.
    vm2: Preparing to unpack .../05-libjbig0_2.1-3.1ubuntu0.20.04.1_amd64.deb ...
    vm2: Unpacking libjbig0:amd64 (2.1-3.1ubuntu0.20.04.1) ...
    vm2: Selecting previously unselected package libwebp6:amd64.
    vm2: Preparing to unpack .../06-libwebp6_0.6.1-2ubuntu0.20.04.3_amd64.deb ...
    vm2: Unpacking libwebp6:amd64 (0.6.1-2ubuntu0.20.04.3) ...
    vm2: Selecting previously unselected package libtiff5:amd64.
    vm2: Preparing to unpack .../07-libtiff5_4.1.0+git191117-2ubuntu0.20.04.10_amd64.deb ...
    vm2: Unpacking libtiff5:amd64 (4.1.0+git191117-2ubuntu0.20.04.10) ...
    vm2: Selecting previously unselected package libxpm4:amd64.
    vm2: Preparing to unpack .../08-libxpm4_1%3a3.5.12-1ubuntu0.20.04.2_amd64.deb ...
    vm2: Unpacking libxpm4:amd64 (1:3.5.12-1ubuntu0.20.04.2) ...
    vm2: Selecting previously unselected package libgd3:amd64.
    vm2: Preparing to unpack .../09-libgd3_2.2.5-5.2ubuntu2.1_amd64.deb ...
    vm2: Unpacking libgd3:amd64 (2.2.5-5.2ubuntu2.1) ...
    vm2: Selecting previously unselected package nginx-common.
    vm2: Preparing to unpack .../10-nginx-common_1.18.0-0ubuntu1.4_all.deb ...
    vm2: Unpacking nginx-common (1.18.0-0ubuntu1.4) ...
    vm2: Selecting previously unselected package libnginx-mod-http-image-filter.
    vm2: Preparing to unpack .../11-libnginx-mod-http-image-filter_1.18.0-0ubuntu1.4_amd64.deb ...
    vm2: Unpacking libnginx-mod-http-image-filter (1.18.0-0ubuntu1.4) ...
    vm2: Selecting previously unselected package libnginx-mod-http-xslt-filter.
    vm2: Preparing to unpack .../12-libnginx-mod-http-xslt-filter_1.18.0-0ubuntu1.4_amd64.deb ...
    vm2: Unpacking libnginx-mod-http-xslt-filter (1.18.0-0ubuntu1.4) ...
    vm2: Selecting previously unselected package libnginx-mod-mail.
    vm2: Preparing to unpack .../13-libnginx-mod-mail_1.18.0-0ubuntu1.4_amd64.deb ...
    vm2: Unpacking libnginx-mod-mail (1.18.0-0ubuntu1.4) ...
    vm2: Selecting previously unselected package libnginx-mod-stream.
    vm2: Preparing to unpack .../14-libnginx-mod-stream_1.18.0-0ubuntu1.4_amd64.deb ...
    vm2: Unpacking libnginx-mod-stream (1.18.0-0ubuntu1.4) ...
    vm2: Selecting previously unselected package nginx-core.
    vm2: Preparing to unpack .../15-nginx-core_1.18.0-0ubuntu1.4_amd64.deb ...
    vm2: Unpacking nginx-core (1.18.0-0ubuntu1.4) ...
    vm2: Selecting previously unselected package nginx.
    vm2: Preparing to unpack .../16-nginx_1.18.0-0ubuntu1.4_all.deb ...
    vm2: Unpacking nginx (1.18.0-0ubuntu1.4) ...
    vm2: Setting up libxpm4:amd64 (1:3.5.12-1ubuntu0.20.04.2) ...
    vm2: Setting up nginx-common (1.18.0-0ubuntu1.4) ...
    vm2: Created symlink /etc/systemd/system/multi-user.target.wants/nginx.service → /lib/systemd/system/nginx.service.
    vm2: Setting up libjbig0:amd64 (2.1-3.1ubuntu0.20.04.1) ...
    vm2: Setting up libnginx-mod-http-xslt-filter (1.18.0-0ubuntu1.4) ...
    vm2: Setting up libwebp6:amd64 (0.6.1-2ubuntu0.20.04.3) ...
    vm2: Setting up fonts-dejavu-core (2.37-1) ...
    vm2: Setting up libjpeg-turbo8:amd64 (2.0.3-0ubuntu1.20.04.3) ...
    vm2: Setting up libjpeg8:amd64 (8c-2ubuntu8) ...
    vm2: Setting up libnginx-mod-mail (1.18.0-0ubuntu1.4) ...
    vm2: Setting up fontconfig-config (2.13.1-2ubuntu3) ...
    vm2: Setting up libnginx-mod-stream (1.18.0-0ubuntu1.4) ...
    vm2: Setting up libtiff5:amd64 (4.1.0+git191117-2ubuntu0.20.04.10) ...
    vm2: Setting up libfontconfig1:amd64 (2.13.1-2ubuntu3) ...
    vm2: Setting up libgd3:amd64 (2.2.5-5.2ubuntu2.1) ...
    vm2: Setting up libnginx-mod-http-image-filter (1.18.0-0ubuntu1.4) ...
    vm2: Setting up nginx-core (1.18.0-0ubuntu1.4) ...
    vm2: Setting up nginx (1.18.0-0ubuntu1.4) ...
    vm2: Processing triggers for ufw (0.36-6ubuntu1.1) ...
    vm2: Processing triggers for systemd (245.4-4ubuntu3.22) ...
    vm2: Processing triggers for man-db (2.9.1-1) ...
    vm2: Processing triggers for libc-bin (2.31-0ubuntu9.12) ...
    vm2: Hello World